2020-12-03 14:39:49.532 INFO  [main]com.weifu.esb.demo.DemoApplication -Starting DemoApplication using Java 1.8.0_181 on WIN-6DIBP7VVHEA with PID 8560 (F:\workspace\code\weifu-esb-sample\target\classes started by TOC1SGH in F:\workspace\code\weifu-esb-sample)
2020-12-03 14:39:49.540 INFO  [main]com.weifu.esb.demo.DemoApplication -No active profile set, falling back to default profiles: default
2020-12-03 14:39:52.101 INFO  [main]org.springframework.boot.web.embedded.tomcat.TomcatWebServer -Tomcat initialized with port(s): 8080 (http)
2020-12-03 14:39:52.124 INFO  [main]org.apache.coyote.http11.Http11NioProtocol -Initializing ProtocolHandler ["http-nio-8080"]
2020-12-03 14:39:52.125 INFO  [main]org.apache.catalina.core.StandardService -Starting service [Tomcat]
2020-12-03 14:39:52.137 INFO  [main]org.apache.catalina.core.StandardEngine -Starting Servlet engine: [Apache Tomcat/9.0.39]
2020-12-03 14:39:52.403 INFO  [main]org.apache.catalina.core.ContainerBase.[Tomcat].[localhost].[/] -Initializing Spring embedded WebApplicationContext
2020-12-03 14:39:52.404 INFO  [main]org.springframework.boot.web.servlet.context.ServletWebServerApplicationContext -Root WebApplicationContext: initialization completed in 2739 ms
2020-12-03 14:39:53.782 INFO  [main]org.springframework.scheduling.concurrent.ThreadPoolTaskExecutor -Initializing ExecutorService 'applicationTaskExecutor'
2020-12-03 14:39:54.410 INFO  [main]org.springframework.scheduling.concurrent.ThreadPoolTaskScheduler -Initializing ExecutorService 'taskScheduler'
2020-12-03 14:39:54.478 INFO  [main]org.apache.coyote.http11.Http11NioProtocol -Starting ProtocolHandler ["http-nio-8080"]
2020-12-03 14:39:54.510 INFO  [main]org.springframework.boot.web.embedded.tomcat.TomcatWebServer -Tomcat started on port(s): 8080 (http) with context path ''
2020-12-03 14:39:54.535 INFO  [main]com.weifu.esb.demo.DemoApplication -Started DemoApplication in 7.53 seconds (JVM running for 18.417)
2020-12-03 14:40:22.980 INFO  [scheduling-1]com.alibaba.druid.pool.DruidDataSource -{dataSource-1} inited
2020-12-03 14:40:25.600 INFO  [SpringContextShutdownHook]org.springframework.scheduling.concurrent.ThreadPoolTaskScheduler -Shutting down ExecutorService 'taskScheduler'
2020-12-03 14:40:25.606 INFO  [SpringContextShutdownHook]org.springframework.scheduling.concurrent.ThreadPoolTaskExecutor -Shutting down ExecutorService 'applicationTaskExecutor'
2020-12-03 14:40:25.609 INFO  [SpringContextShutdownHook]com.alibaba.druid.pool.DruidDataSource -{dataSource-1} closed
2020-12-03 14:41:24.597 INFO  [main]com.weifu.esb.demo.DemoApplication -Starting DemoApplication using Java 1.8.0_181 on WIN-6DIBP7VVHEA with PID 11224 (F:\workspace\code\weifu-esb-sample\target\classes started by TOC1SGH in F:\workspace\code\weifu-esb-sample)
2020-12-03 14:41:24.609 INFO  [main]com.weifu.esb.demo.DemoApplication -No active profile set, falling back to default profiles: default
2020-12-03 14:41:26.588 INFO  [main]org.springframework.boot.web.embedded.tomcat.TomcatWebServer -Tomcat initialized with port(s): 8080 (http)
2020-12-03 14:41:26.600 INFO  [main]org.apache.coyote.http11.Http11NioProtocol -Initializing ProtocolHandler ["http-nio-8080"]
2020-12-03 14:41:26.601 INFO  [main]org.apache.catalina.core.StandardService -Starting service [Tomcat]
2020-12-03 14:41:26.613 INFO  [main]org.apache.catalina.core.StandardEngine -Starting Servlet engine: [Apache Tomcat/9.0.39]
2020-12-03 14:41:26.743 INFO  [main]org.apache.catalina.core.ContainerBase.[Tomcat].[localhost].[/] -Initializing Spring embedded WebApplicationContext
2020-12-03 14:41:26.744 INFO  [main]org.springframework.boot.web.servlet.context.ServletWebServerApplicationContext -Root WebApplicationContext: initialization completed in 2035 ms
2020-12-03 14:41:28.005 INFO  [main]org.springframework.scheduling.concurrent.ThreadPoolTaskExecutor -Initializing ExecutorService 'applicationTaskExecutor'
2020-12-03 14:41:28.373 INFO  [main]org.springframework.scheduling.concurrent.ThreadPoolTaskScheduler -Initializing ExecutorService 'taskScheduler'
2020-12-03 14:41:28.444 INFO  [main]org.apache.coyote.http11.Http11NioProtocol -Starting ProtocolHandler ["http-nio-8080"]
2020-12-03 14:41:28.503 INFO  [main]org.springframework.boot.web.embedded.tomcat.TomcatWebServer -Tomcat started on port(s): 8080 (http) with context path ''
2020-12-03 14:41:28.525 INFO  [main]com.weifu.esb.demo.DemoApplication -Started DemoApplication in 6.446 seconds (JVM running for 10.077)
2020-12-03 14:41:53.581 INFO  [scheduling-1]com.alibaba.druid.pool.DruidDataSource -{dataSource-1} inited
2020-12-03 14:46:36.771 INFO  [SpringContextShutdownHook]org.springframework.scheduling.concurrent.ThreadPoolTaskScheduler -Shutting down ExecutorService 'taskScheduler'
2020-12-03 14:46:36.776 INFO  [SpringContextShutdownHook]org.springframework.scheduling.concurrent.ThreadPoolTaskExecutor -Shutting down ExecutorService 'applicationTaskExecutor'
2020-12-03 14:46:36.784 INFO  [SpringContextShutdownHook]com.alibaba.druid.pool.DruidDataSource -{dataSource-1} closed
2020-12-03 14:46:56.697 INFO  [main]com.weifu.esb.demo.DemoApplication -Starting DemoApplication using Java 1.8.0_181 on WIN-6DIBP7VVHEA with PID 11384 (F:\workspace\code\weifu-esb-sample\target\classes started by TOC1SGH in F:\workspace\code\weifu-esb-sample)
2020-12-03 14:46:56.711 INFO  [main]com.weifu.esb.demo.DemoApplication -No active profile set, falling back to default profiles: default
2020-12-03 14:46:59.615 INFO  [main]org.springframework.boot.web.embedded.tomcat.TomcatWebServer -Tomcat initialized with port(s): 8080 (http)
2020-12-03 14:46:59.634 INFO  [main]org.apache.coyote.http11.Http11NioProtocol -Initializing ProtocolHandler ["http-nio-8080"]
2020-12-03 14:46:59.647 INFO  [main]org.apache.catalina.core.StandardService -Starting service [Tomcat]
2020-12-03 14:46:59.647 INFO  [main]org.apache.catalina.core.StandardEngine -Starting Servlet engine: [Apache Tomcat/9.0.39]
2020-12-03 14:46:59.788 INFO  [main]org.apache.catalina.core.ContainerBase.[Tomcat].[localhost].[/] -Initializing Spring embedded WebApplicationContext
2020-12-03 14:46:59.789 INFO  [main]org.springframework.boot.web.servlet.context.ServletWebServerApplicationContext -Root WebApplicationContext: initialization completed in 2209 ms
2020-12-03 14:47:01.062 INFO  [main]org.springframework.scheduling.concurrent.ThreadPoolTaskExecutor -Initializing ExecutorService 'applicationTaskExecutor'
2020-12-03 14:47:01.515 INFO  [main]org.springframework.scheduling.concurrent.ThreadPoolTaskScheduler -Initializing ExecutorService 'taskScheduler'
2020-12-03 14:47:01.583 INFO  [main]org.apache.coyote.http11.Http11NioProtocol -Starting ProtocolHandler ["http-nio-8080"]
2020-12-03 14:47:01.619 INFO  [main]org.springframework.boot.web.embedded.tomcat.TomcatWebServer -Tomcat started on port(s): 8080 (http) with context path ''
2020-12-03 14:47:01.644 INFO  [main]com.weifu.esb.demo.DemoApplication -Started DemoApplication in 8.432 seconds (JVM running for 13.029)
2020-12-03 14:47:02.004 INFO  [scheduling-1]com.alibaba.druid.pool.DruidDataSource -{dataSource-1} inited
2020-12-03 14:48:18.828 INFO  [SpringContextShutdownHook]org.springframework.scheduling.concurrent.ThreadPoolTaskScheduler -Shutting down ExecutorService 'taskScheduler'
2020-12-03 14:48:18.832 INFO  [SpringContextShutdownHook]org.springframework.scheduling.concurrent.ThreadPoolTaskExecutor -Shutting down ExecutorService 'applicationTaskExecutor'
2020-12-03 14:48:18.835 INFO  [SpringContextShutdownHook]com.alibaba.druid.pool.DruidDataSource -{dataSource-1} closed
2020-12-03 14:49:16.533 INFO  [main]com.weifu.esb.demo.DemoApplication -Starting DemoApplication using Java 1.8.0_181 on WIN-6DIBP7VVHEA with PID 11888 (F:\workspace\code\weifu-esb-sample\target\classes started by TOC1SGH in F:\workspace\code\weifu-esb-sample)
2020-12-03 14:49:16.539 INFO  [main]com.weifu.esb.demo.DemoApplication -No active profile set, falling back to default profiles: default
2020-12-03 14:49:18.318 INFO  [main]org.springframework.boot.web.embedded.tomcat.TomcatWebServer -Tomcat initialized with port(s): 8080 (http)
2020-12-03 14:49:18.327 INFO  [main]org.apache.coyote.http11.Http11NioProtocol -Initializing ProtocolHandler ["http-nio-8080"]
2020-12-03 14:49:18.328 INFO  [main]org.apache.catalina.core.StandardService -Starting service [Tomcat]
2020-12-03 14:49:18.339 INFO  [main]org.apache.catalina.core.StandardEngine -Starting Servlet engine: [Apache Tomcat/9.0.39]
2020-12-03 14:49:18.511 INFO  [main]org.apache.catalina.core.ContainerBase.[Tomcat].[localhost].[/] -Initializing Spring embedded WebApplicationContext
2020-12-03 14:49:18.511 INFO  [main]org.springframework.boot.web.servlet.context.ServletWebServerApplicationContext -Root WebApplicationContext: initialization completed in 1810 ms
2020-12-03 14:49:19.751 INFO  [main]org.springframework.scheduling.concurrent.ThreadPoolTaskExecutor -Initializing ExecutorService 'applicationTaskExecutor'
2020-12-03 14:49:20.044 INFO  [main]org.springframework.scheduling.concurrent.ThreadPoolTaskScheduler -Initializing ExecutorService 'taskScheduler'
2020-12-03 14:49:20.184 INFO  [main]org.apache.coyote.http11.Http11NioProtocol -Starting ProtocolHandler ["http-nio-8080"]
2020-12-03 14:49:20.205 INFO  [main]org.springframework.boot.web.embedded.tomcat.TomcatWebServer -Tomcat started on port(s): 8080 (http) with context path ''
2020-12-03 14:49:20.216 INFO  [main]com.weifu.esb.demo.DemoApplication -Started DemoApplication in 7.442 seconds (JVM running for 9.572)
2020-12-03 14:49:20.262 INFO  [scheduling-1]com.alibaba.druid.pool.DruidDataSource -{dataSource-1} inited
2020-12-03 14:51:43.896 INFO  [main]com.weifu.esb.demo.DemoApplication -Starting DemoApplication using Java 1.8.0_181 on WIN-6DIBP7VVHEA with PID 6508 (F:\workspace\code\weifu-esb-sample\target\classes started by TOC1SGH in F:\workspace\code\weifu-esb-sample)
2020-12-03 14:51:43.904 INFO  [main]com.weifu.esb.demo.DemoApplication -No active profile set, falling back to default profiles: default
2020-12-03 14:51:46.169 INFO  [main]org.springframework.boot.web.embedded.tomcat.TomcatWebServer -Tomcat initialized with port(s): 8080 (http)
2020-12-03 14:51:46.182 INFO  [main]org.apache.coyote.http11.Http11NioProtocol -Initializing ProtocolHandler ["http-nio-8080"]
2020-12-03 14:51:46.198 INFO  [main]org.apache.catalina.core.StandardService -Starting service [Tomcat]
2020-12-03 14:51:46.199 INFO  [main]org.apache.catalina.core.StandardEngine -Starting Servlet engine: [Apache Tomcat/9.0.39]
2020-12-03 14:51:46.354 INFO  [main]org.apache.catalina.core.ContainerBase.[Tomcat].[localhost].[/] -Initializing Spring embedded WebApplicationContext
2020-12-03 14:51:46.354 INFO  [main]org.springframework.boot.web.servlet.context.ServletWebServerApplicationContext -Root WebApplicationContext: initialization completed in 2306 ms
2020-12-03 14:51:47.629 INFO  [main]org.springframework.scheduling.concurrent.ThreadPoolTaskExecutor -Initializing ExecutorService 'applicationTaskExecutor'
2020-12-03 14:51:47.964 INFO  [main]org.springframework.scheduling.concurrent.ThreadPoolTaskScheduler -Initializing ExecutorService 'taskScheduler'
2020-12-03 14:51:48.030 INFO  [main]org.apache.coyote.http11.Http11NioProtocol -Starting ProtocolHandler ["http-nio-8080"]
2020-12-03 14:51:48.058 INFO  [main]org.springframework.boot.web.embedded.tomcat.TomcatWebServer -Tomcat started on port(s): 8080 (http) with context path ''
2020-12-03 14:51:48.082 INFO  [main]com.weifu.esb.demo.DemoApplication -Started DemoApplication in 6.772 seconds (JVM running for 9.866)
2020-12-03 14:52:02.685 INFO  [scheduling-1]com.alibaba.druid.pool.DruidDataSource -{dataSource-1} inited
2020-12-03 14:52:57.252 INFO  [SpringContextShutdownHook]org.springframework.scheduling.concurrent.ThreadPoolTaskScheduler -Shutting down ExecutorService 'taskScheduler'
2020-12-03 14:52:57.275 INFO  [SpringContextShutdownHook]org.springframework.scheduling.concurrent.ThreadPoolTaskExecutor -Shutting down ExecutorService 'applicationTaskExecutor'
2020-12-03 14:52:57.282 INFO  [SpringContextShutdownHook]com.alibaba.druid.pool.DruidDataSource -{dataSource-1} closed
2020-12-03 14:53:51.630 INFO  [main]com.weifu.esb.demo.DemoApplication -Starting DemoApplication using Java 1.8.0_181 on WIN-6DIBP7VVHEA with PID 12108 (F:\workspace\code\weifu-esb-sample\target\classes started by TOC1SGH in F:\workspace\code\weifu-esb-sample)
2020-12-03 14:53:51.638 INFO  [main]com.weifu.esb.demo.DemoApplication -No active profile set, falling back to default profiles: default
2020-12-03 14:53:54.030 INFO  [main]org.springframework.boot.web.embedded.tomcat.TomcatWebServer -Tomcat initialized with port(s): 8080 (http)
2020-12-03 14:53:54.044 INFO  [main]org.apache.coyote.http11.Http11NioProtocol -Initializing ProtocolHandler ["http-nio-8080"]
2020-12-03 14:53:54.045 INFO  [main]org.apache.catalina.core.StandardService -Starting service [Tomcat]
2020-12-03 14:53:54.059 INFO  [main]org.apache.catalina.core.StandardEngine -Starting Servlet engine: [Apache Tomcat/9.0.39]
2020-12-03 14:53:54.261 INFO  [main]org.apache.catalina.core.ContainerBase.[Tomcat].[localhost].[/] -Initializing Spring embedded WebApplicationContext
2020-12-03 14:53:54.261 INFO  [main]org.springframework.boot.web.servlet.context.ServletWebServerApplicationContext -Root WebApplicationContext: initialization completed in 2528 ms
2020-12-03 14:53:55.663 INFO  [main]org.springframework.scheduling.concurrent.ThreadPoolTaskExecutor -Initializing ExecutorService 'applicationTaskExecutor'
2020-12-03 14:53:56.228 INFO  [main]org.springframework.scheduling.concurrent.ThreadPoolTaskScheduler -Initializing ExecutorService 'taskScheduler'
2020-12-03 14:53:56.302 INFO  [main]org.apache.coyote.http11.Http11NioProtocol -Starting ProtocolHandler ["http-nio-8080"]
2020-12-03 14:53:56.332 INFO  [main]org.springframework.boot.web.embedded.tomcat.TomcatWebServer -Tomcat started on port(s): 8080 (http) with context path ''
2020-12-03 14:53:56.359 INFO  [main]com.weifu.esb.demo.DemoApplication -Started DemoApplication in 8.055 seconds (JVM running for 11.653)
2020-12-03 14:54:15.219 INFO  [scheduling-1]com.alibaba.druid.pool.DruidDataSource -{dataSource-1} inited
2020-12-03 14:55:05.761 INFO  [SpringContextShutdownHook]org.springframework.scheduling.concurrent.ThreadPoolTaskScheduler -Shutting down ExecutorService 'taskScheduler'
2020-12-03 14:55:05.765 INFO  [SpringContextShutdownHook]org.springframework.scheduling.concurrent.ThreadPoolTaskExecutor -Shutting down ExecutorService 'applicationTaskExecutor'
2020-12-03 14:55:05.769 INFO  [SpringContextShutdownHook]com.alibaba.druid.pool.DruidDataSource -{dataSource-1} closed
2020-12-03 14:55:43.709 INFO  [main]com.weifu.esb.demo.DemoApplicationTests -Starting DemoApplicationTests using Java 1.8.0_181 on WIN-6DIBP7VVHEA with PID 6692 (started by TOC1SGH in F:\workspace\code\weifu-esb-sample)
2020-12-03 14:55:43.722 INFO  [main]com.weifu.esb.demo.DemoApplicationTests -No active profile set, falling back to default profiles: default
2020-12-03 14:55:55.740 INFO  [main]org.springframework.scheduling.concurrent.ThreadPoolTaskExecutor -Initializing ExecutorService 'applicationTaskExecutor'
2020-12-03 14:55:58.489 INFO  [main]org.springframework.scheduling.concurrent.ThreadPoolTaskScheduler -Initializing ExecutorService 'taskScheduler'
2020-12-03 14:56:01.770 INFO  [main]com.weifu.esb.demo.DemoApplicationTests -Started DemoApplicationTests in 19.844 seconds (JVM running for 23.172)
2020-12-03 14:56:02.537 INFO  [scheduling-1]com.alibaba.druid.pool.DruidDataSource -{dataSource-1} inited
2020-12-03 14:56:03.268 INFO  [SpringContextShutdownHook]org.springframework.scheduling.concurrent.ThreadPoolTaskScheduler -Shutting down ExecutorService 'taskScheduler'
2020-12-03 14:56:03.274 INFO  [SpringContextShutdownHook]org.springframework.scheduling.concurrent.ThreadPoolTaskExecutor -Shutting down ExecutorService 'applicationTaskExecutor'
2020-12-03 14:56:03.276 INFO  [SpringContextShutdownHook]com.alibaba.druid.pool.DruidDataSource -{dataSource-1} closed
